<?xml version="1.0" encoding="UTF-8"?>
<!-- Generated by org.testng.reporters.JUnitReportReporter -->
<testsuite skipped="0" hostname="Ratnesh" name="com.ppr.lib.smoke.Test_Sample" tests="1" failures="0" timestamp="2020-05-16T12:11:15 IST" time="26.279" errors="0">
  <testcase name="TestSample" time="26.279" classname="com.ppr.lib.smoke.Test_Sample"/>
  <system-out/>
</testsuite> <!-- com.ppr.lib.smoke.Test_Sample -->
